<<<<<<< HEAD
2016-05-25T16:46:34.635-0700 E NETWORK  [initandlisten] listen(): bind() failed errno:48 Address already in use for socket: 0.0.0.0:27017
2016-05-25T16:46:34.649-0700 E NETWORK  [initandlisten]   addr already in use
2016-05-25T16:46:34.669-0700 W -        [initandlisten] Detected unclean shutdown - dbpath/mongod.lock is not empty.
2016-05-25T16:46:34.720-0700 I STORAGE  [initandlisten] exception in initAndListen: 98 Unable to lock file: dbpath/mongod.lock errno:35 Resource temporarily unavailable. Is a mongod instance already running?, terminating
2016-05-25T16:46:34.759-0700 I CONTROL  [initandlisten] dbexit:  rc: 100
=======
2016-05-25T15:44:46.852-0700 I CONTROL  [initandlisten] MongoDB starting : pid=4676 port=27017 dbpath=dbpath 64-bit host=Vilan
2016-05-25T15:44:46.852-0700 I CONTROL  [initandlisten] targetMinOS: Windows Vista/Windows Server 2008
2016-05-25T15:44:46.853-0700 I CONTROL  [initandlisten] db version v3.2.4
2016-05-25T15:44:46.853-0700 I CONTROL  [initandlisten] git version: e2ee9ffcf9f5a94fad76802e28cc978718bb7a30
2016-05-25T15:44:46.853-0700 I CONTROL  [initandlisten] allocator: tcmalloc
2016-05-25T15:44:46.853-0700 I CONTROL  [initandlisten] modules: none
2016-05-25T15:44:46.853-0700 I CONTROL  [initandlisten] build environment:
2016-05-25T15:44:46.853-0700 I CONTROL  [initandlisten]     distarch: x86_64
2016-05-25T15:44:46.853-0700 I CONTROL  [initandlisten]     target_arch: x86_64
2016-05-25T15:44:46.853-0700 I CONTROL  [initandlisten] options: { storage: { dbPath: "dbpath" }, systemLog: { destination: "file", path: "log/mongod.log" } }
2016-05-25T15:44:46.854-0700 E NETWORK  [initandlisten] listen(): bind() failed errno:10048 Only one usage of each socket address (protocol/network address/port) is normally permitted. for socket: 0.0.0.0:27017
2016-05-25T15:44:46.854-0700 E STORAGE  [initandlisten] Failed to set up sockets during startup.
2016-05-25T15:44:46.854-0700 I CONTROL  [initandlisten] dbexit:  rc: 48
>>>>>>> a34435f6999f41f52e87d177922d73b1f633cae3
